{"/home/Victor/study/hexlet/kataTascs/hexletKatas/katas/SortArr.js": {"path":"/home/Victor/study/hexlet/kataTascs/hexletKatas/katas/SortArr.js","statementMap":{"0":{"start":{"line":3,"column":13},"end":{"line":6,"column":1}},"1":{"start":{"line":4,"column":19},"end":{"line":4,"column":72}},"2":{"start":{"line":4,"column":51},"end":{"line":4,"column":71}},"3":{"start":{"line":5,"column":2},"end":{"line":5,"column":35}},"4":{"start":{"line":9,"column":14},"end":{"line":16,"column":1}}},"fnMap":{"0":{"name":"(anonymous_0)","decl":{"start":{"line":3,"column":13},"end":{"line":3,"column":14}},"loc":{"start":{"line":3,"column":33},"end":{"line":6,"column":1}},"line":3},"1":{"name":"(anonymous_1)","decl":{"start":{"line":4,"column":35},"end":{"line":4,"column":36}},"loc":{"start":{"line":4,"column":51},"end":{"line":4,"column":71}},"line":4}},"branchMap":{"0":{"loc":{"start":{"line":3,"column":21},"end":{"line":3,"column":28}},"type":"default-arg","locations":[{"start":{"line":3,"column":27},"end":{"line":3,"column":28}}],"line":3}},"s":{"0":1,"1":1,"2":6,"3":1,"4":1},"f":{"0":1,"1":6},"b":{"0":[0]},"_coverageSchema":"1a1c01bbd47fc00a2c39e90264f33305004495a9","hash":"0034ee86ba5cb9b1fd07ab38102cdb383eeabe2b"}
,"/home/Victor/study/hexlet/kataTascs/hexletKatas/katas/colorsConverter.js": {"path":"/home/Victor/study/hexlet/kataTascs/hexletKatas/katas/colorsConverter.js","statementMap":{"0":{"start":{"line":4,"column":14},"end":{"line":4,"column":38}},"1":{"start":{"line":5,"column":2},"end":{"line":7,"column":3}},"2":{"start":{"line":6,"column":4},"end":{"line":6,"column":24}},"3":{"start":{"line":8,"column":2},"end":{"line":8,"column":15}},"4":{"start":{"line":12,"column":17},"end":{"line":12,"column":67}},"5":{"start":{"line":13,"column":2},"end":{"line":13,"column":73}},"6":{"start":{"line":13,"column":36},"end":{"line":13,"column":71}},"7":{"start":{"line":14,"column":22},"end":{"line":18,"column":3}},"8":{"start":{"line":19,"column":2},"end":{"line":19,"column":21}},"9":{"start":{"line":22,"column":2},"end":{"line":22,"column":58}}},"fnMap":{"0":{"name":"parseTo16","decl":{"start":{"line":3,"column":9},"end":{"line":3,"column":18}},"loc":{"start":{"line":3,"column":24},"end":{"line":9,"column":1}},"line":3},"1":{"name":"hexToRgb","decl":{"start":{"line":11,"column":9},"end":{"line":11,"column":17}},"loc":{"start":{"line":11,"column":25},"end":{"line":20,"column":1}},"line":11},"2":{"name":"(anonymous_2)","decl":{"start":{"line":13,"column":26},"end":{"line":13,"column":27}},"loc":{"start":{"line":13,"column":36},"end":{"line":13,"column":71}},"line":13},"3":{"name":"rgbToHex","decl":{"start":{"line":21,"column":9},"end":{"line":21,"column":17}},"loc":{"start":{"line":21,"column":27},"end":{"line":23,"column":1}},"line":21}},"branchMap":{"0":{"loc":{"start":{"line":5,"column":2},"end":{"line":7,"column":3}},"type":"if","locations":[{"start":{"line":5,"column":2},"end":{"line":7,"column":3}},{"start":{"line":5,"column":2},"end":{"line":7,"column":3}}],"line":5}},"s":{"0":3,"1":3,"2":3,"3":3,"4":1,"5":1,"6":3,"7":1,"8":1,"9":1},"f":{"0":3,"1":1,"2":3,"3":1},"b":{"0":[3,0]},"_coverageSchema":"1a1c01bbd47fc00a2c39e90264f33305004495a9","hash":"9bebf5a5795cc9f3eb5f8285140c4cc5436e65f2"}
,"/home/Victor/study/hexlet/kataTascs/hexletKatas/katas/dnaToRna.js": {"path":"/home/Victor/study/hexlet/kataTascs/hexletKatas/katas/dnaToRna.js","statementMap":{"0":{"start":{"line":3,"column":2},"end":{"line":5,"column":3}},"1":{"start":{"line":4,"column":4},"end":{"line":4,"column":16}},"2":{"start":{"line":6,"column":19},"end":{"line":6,"column":36}},"3":{"start":{"line":7,"column":15},"end":{"line":7,"column":17}},"4":{"start":{"line":8,"column":15},"end":{"line":8,"column":35}},"5":{"start":{"line":9,"column":15},"end":{"line":9,"column":35}},"6":{"start":{"line":10,"column":2},"end":{"line":17,"column":3}},"7":{"start":{"line":11,"column":4},"end":{"line":13,"column":5}},"8":{"start":{"line":12,"column":6},"end":{"line":12,"column":18}},"9":{"start":{"line":14,"column":24},"end":{"line":14,"column":56}},"10":{"start":{"line":15,"column":20},"end":{"line":15,"column":37}},"11":{"start":{"line":16,"column":4},"end":{"line":16,"column":35}},"12":{"start":{"line":18,"column":2},"end":{"line":18,"column":30}}},"fnMap":{"0":{"name":"dnaToRna","decl":{"start":{"line":2,"column":9},"end":{"line":2,"column":17}},"loc":{"start":{"line":2,"column":23},"end":{"line":19,"column":1}},"line":2}},"branchMap":{"0":{"loc":{"start":{"line":3,"column":2},"end":{"line":5,"column":3}},"type":"if","locations":[{"start":{"line":3,"column":2},"end":{"line":5,"column":3}},{"start":{"line":3,"column":2},"end":{"line":5,"column":3}}],"line":3},"1":{"loc":{"start":{"line":11,"column":4},"end":{"line":13,"column":5}},"type":"if","locations":[{"start":{"line":11,"column":4},"end":{"line":13,"column":5}},{"start":{"line":11,"column":4},"end":{"line":13,"column":5}}],"line":11}},"s":{"0":3,"1":1,"2":2,"3":2,"4":2,"5":2,"6":2,"7":6,"8":1,"9":5,"10":5,"11":5,"12":1},"f":{"0":3},"b":{"0":[1,2],"1":[1,5]},"_coverageSchema":"1a1c01bbd47fc00a2c39e90264f33305004495a9","hash":"9eb9b8c82e972da9bbc01981e0e3dac5e32c1ec8"}
,"/home/Victor/study/hexlet/kataTascs/hexletKatas/katas/enLargeArrayImage.js": {"path":"/home/Victor/study/hexlet/kataTascs/hexletKatas/katas/enLargeArrayImage.js","statementMap":{"0":{"start":{"line":2,"column":12},"end":{"line":7,"column":1}},"1":{"start":{"line":11,"column":2},"end":{"line":23,"column":8}},"2":{"start":{"line":12,"column":4},"end":{"line":16,"column":20}},"3":{"start":{"line":13,"column":6},"end":{"line":13,"column":21}},"4":{"start":{"line":14,"column":6},"end":{"line":14,"column":21}},"5":{"start":{"line":15,"column":6},"end":{"line":15,"column":17}},"6":{"start":{"line":17,"column":4},"end":{"line":17,"column":20}},"7":{"start":{"line":18,"column":4},"end":{"line":18,"column":20}},"8":{"start":{"line":19,"column":4},"end":{"line":19,"column":15}},"9":{"start":{"line":22,"column":4},"end":{"line":22,"column":32}}},"fnMap":{"0":{"name":"enlargeArrayImage","decl":{"start":{"line":10,"column":9},"end":{"line":10,"column":26}},"loc":{"start":{"line":10,"column":32},"end":{"line":24,"column":1}},"line":10},"1":{"name":"(anonymous_1)","decl":{"start":{"line":11,"column":20},"end":{"line":11,"column":21}},"loc":{"start":{"line":11,"column":36},"end":{"line":20,"column":3}},"line":11},"2":{"name":"(anonymous_2)","decl":{"start":{"line":12,"column":25},"end":{"line":12,"column":26}},"loc":{"start":{"line":12,"column":40},"end":{"line":16,"column":5}},"line":12},"3":{"name":"(anonymous_3)","decl":{"start":{"line":21,"column":10},"end":{"line":21,"column":11}},"loc":{"start":{"line":21,"column":29},"end":{"line":23,"column":3}},"line":21}},"branchMap":{},"s":{"0":1,"1":1,"2":4,"3":16,"4":16,"5":16,"6":4,"7":4,"8":4,"9":8},"f":{"0":1,"1":4,"2":16,"3":8},"b":{},"_coverageSchema":"1a1c01bbd47fc00a2c39e90264f33305004495a9","hash":"aef596ae601349bb5f895623454050a4c9c8e92b"}
,"/home/Victor/study/hexlet/kataTascs/hexletKatas/katas/filterAnagrams.js": {"path":"/home/Victor/study/hexlet/kataTascs/hexletKatas/katas/filterAnagrams.js","statementMap":{"0":{"start":{"line":2,"column":20},"end":{"line":2,"column":58}},"1":{"start":{"line":2,"column":29},"end":{"line":2,"column":58}},"2":{"start":{"line":3,"column":21},"end":{"line":3,"column":39}},"3":{"start":{"line":4,"column":2},"end":{"line":4,"column":62}},"4":{"start":{"line":4,"column":30},"end":{"line":4,"column":60}}},"fnMap":{"0":{"name":"filterAnagrams","decl":{"start":{"line":1,"column":9},"end":{"line":1,"column":23}},"loc":{"start":{"line":1,"column":38},"end":{"line":5,"column":1}},"line":1},"1":{"name":"(anonymous_1)","decl":{"start":{"line":2,"column":20},"end":{"line":2,"column":21}},"loc":{"start":{"line":2,"column":29},"end":{"line":2,"column":58}},"line":2},"2":{"name":"(anonymous_2)","decl":{"start":{"line":4,"column":20},"end":{"line":4,"column":21}},"loc":{"start":{"line":4,"column":30},"end":{"line":4,"column":60}},"line":4}},"branchMap":{},"s":{"0":1,"1":6,"2":1,"3":1,"4":5},"f":{"0":1,"1":6,"2":5},"b":{},"_coverageSchema":"1a1c01bbd47fc00a2c39e90264f33305004495a9","hash":"5c80d171a83c18aedcf6f1f3b0ca9205fe45ae2c"}
,"/home/Victor/study/hexlet/kataTascs/hexletKatas/katas/findIndexOfNearest.js": {"path":"/home/Victor/study/hexlet/kataTascs/hexletKatas/katas/findIndexOfNearest.js","statementMap":{"0":{"start":{"line":2,"column":2},"end":{"line":4,"column":3}},"1":{"start":{"line":3,"column":4},"end":{"line":3,"column":16}},"2":{"start":{"line":5,"column":16},"end":{"line":5,"column":55}},"3":{"start":{"line":5,"column":34},"end":{"line":5,"column":54}},"4":{"start":{"line":6,"column":2},"end":{"line":11,"column":7}},"5":{"start":{"line":7,"column":4},"end":{"line":9,"column":5}},"6":{"start":{"line":8,"column":6},"end":{"line":8,"column":21}},"7":{"start":{"line":10,"column":4},"end":{"line":10,"column":21}}},"fnMap":{"0":{"name":"findIndexOfNearest","decl":{"start":{"line":1,"column":9},"end":{"line":1,"column":27}},"loc":{"start":{"line":1,"column":38},"end":{"line":12,"column":1}},"line":1},"1":{"name":"(anonymous_1)","decl":{"start":{"line":5,"column":24},"end":{"line":5,"column":25}},"loc":{"start":{"line":5,"column":34},"end":{"line":5,"column":54}},"line":5},"2":{"name":"(anonymous_2)","decl":{"start":{"line":6,"column":22},"end":{"line":6,"column":23}},"loc":{"start":{"line":6,"column":55},"end":{"line":11,"column":3}},"line":6}},"branchMap":{"0":{"loc":{"start":{"line":2,"column":2},"end":{"line":4,"column":3}},"type":"if","locations":[{"start":{"line":2,"column":2},"end":{"line":4,"column":3}},{"start":{"line":2,"column":2},"end":{"line":4,"column":3}}],"line":2},"1":{"loc":{"start":{"line":7,"column":4},"end":{"line":9,"column":5}},"type":"if","locations":[{"start":{"line":7,"column":4},"end":{"line":9,"column":5}},{"start":{"line":7,"column":4},"end":{"line":9,"column":5}}],"line":7}},"s":{"0":3,"1":1,"2":2,"3":9,"4":2,"5":9,"6":3,"7":6},"f":{"0":3,"1":9,"2":9},"b":{"0":[1,2],"1":[3,6]},"_coverageSchema":"1a1c01bbd47fc00a2c39e90264f33305004495a9","hash":"bdd9ee32b1e22549849621b5698cf3a5962f0361"}
,"/home/Victor/study/hexlet/kataTascs/hexletKatas/katas/getChildren.js": {"path":"/home/Victor/study/hexlet/kataTascs/hexletKatas/katas/getChildren.js","statementMap":{"0":{"start":{"line":1,"column":14},"end":{"line":22,"column":1}},"1":{"start":{"line":25,"column":19},"end":{"line":25,"column":62}},"2":{"start":{"line":25,"column":39},"end":{"line":25,"column":59}},"3":{"start":{"line":26,"column":2},"end":{"line":26,"column":26}}},"fnMap":{"0":{"name":"getChildren","decl":{"start":{"line":24,"column":9},"end":{"line":24,"column":20}},"loc":{"start":{"line":24,"column":26},"end":{"line":27,"column":1}},"line":24},"1":{"name":"(anonymous_1)","decl":{"start":{"line":25,"column":27},"end":{"line":25,"column":28}},"loc":{"start":{"line":25,"column":37},"end":{"line":25,"column":61}},"line":25}},"branchMap":{},"s":{"0":1,"1":1,"2":4,"3":1},"f":{"0":1,"1":4},"b":{},"_coverageSchema":"1a1c01bbd47fc00a2c39e90264f33305004495a9","hash":"068bc3fb189b7fe2ee7e62671059a2ebd596c7a8"}
,"/home/Victor/study/hexlet/kataTascs/hexletKatas/katas/getEmailsCount.js": {"path":"/home/Victor/study/hexlet/kataTascs/hexletKatas/katas/getEmailsCount.js","statementMap":{"0":{"start":{"line":4,"column":25},"end":{"line":8,"column":1}},"1":{"start":{"line":10,"column":15},"end":{"line":20,"column":1}},"2":{"start":{"line":62,"column":2},"end":{"line":70,"column":8}},"3":{"start":{"line":63,"column":23},"end":{"line":63,"column":38}},"4":{"start":{"line":64,"column":4},"end":{"line":64,"column":18}},"5":{"start":{"line":66,"column":20},"end":{"line":66,"column":51}},"6":{"start":{"line":68,"column":18},"end":{"line":68,"column":43}},"7":{"start":{"line":69,"column":4},"end":{"line":69,"column":39}}},"fnMap":{"0":{"name":"getEmailsCount","decl":{"start":{"line":61,"column":9},"end":{"line":61,"column":23}},"loc":{"start":{"line":61,"column":32},"end":{"line":71,"column":1}},"line":61},"1":{"name":"(anonymous_1)","decl":{"start":{"line":62,"column":20},"end":{"line":62,"column":21}},"loc":{"start":{"line":62,"column":30},"end":{"line":65,"column":3}},"line":62},"2":{"name":"(anonymous_2)","decl":{"start":{"line":66,"column":10},"end":{"line":66,"column":11}},"loc":{"start":{"line":66,"column":20},"end":{"line":66,"column":51}},"line":66},"3":{"name":"(anonymous_3)","decl":{"start":{"line":67,"column":10},"end":{"line":67,"column":11}},"loc":{"start":{"line":67,"column":27},"end":{"line":70,"column":3}},"line":67}},"branchMap":{},"s":{"0":1,"1":1,"2":1,"3":9,"4":9,"5":9,"6":7,"7":7},"f":{"0":1,"1":9,"2":9,"3":7},"b":{},"_coverageSchema":"1a1c01bbd47fc00a2c39e90264f33305004495a9","hash":"890d7a7c6c463d6dea6e4c48ae39a039b1d46185"}
,"/home/Victor/study/hexlet/kataTascs/hexletKatas/katas/getMenCountByYear.js": {"path":"/home/Victor/study/hexlet/kataTascs/hexletKatas/katas/getMenCountByYear.js","statementMap":{"0":{"start":{"line":2,"column":25},"end":{"line":2,"column":27}},"1":{"start":{"line":3,"column":2},"end":{"line":13,"column":3}},"2":{"start":{"line":4,"column":4},"end":{"line":12,"column":5}},"3":{"start":{"line":5,"column":24},"end":{"line":5,"column":56}},"4":{"start":{"line":6,"column":6},"end":{"line":11,"column":7}},"5":{"start":{"line":8,"column":8},"end":{"line":8,"column":38}},"6":{"start":{"line":10,"column":8},"end":{"line":10,"column":39}},"7":{"start":{"line":14,"column":2},"end":{"line":14,"column":24}},"8":{"start":{"line":17,"column":14},"end":{"line":28,"column":1}}},"fnMap":{"0":{"name":"getMenCountByYear","decl":{"start":{"line":1,"column":9},"end":{"line":1,"column":26}},"loc":{"start":{"line":1,"column":35},"end":{"line":15,"column":1}},"line":1}},"branchMap":{"0":{"loc":{"start":{"line":4,"column":4},"end":{"line":12,"column":5}},"type":"if","locations":[{"start":{"line":4,"column":4},"end":{"line":12,"column":5}},{"start":{"line":4,"column":4},"end":{"line":12,"column":5}}],"line":4},"1":{"loc":{"start":{"line":6,"column":6},"end":{"line":11,"column":7}},"type":"if","locations":[{"start":{"line":6,"column":6},"end":{"line":11,"column":7}},{"start":{"line":6,"column":6},"end":{"line":11,"column":7}}],"line":6}},"s":{"0":1,"1":1,"2":10,"3":8,"4":8,"5":5,"6":3,"7":1,"8":1},"f":{"0":1},"b":{"0":[8,2],"1":[5,3]},"_coverageSchema":"1a1c01bbd47fc00a2c39e90264f33305004495a9","hash":"5f9641d3ab999bed05a5d99a3ec488ae525001a0"}
,"/home/Victor/study/hexlet/kataTascs/hexletKatas/katas/makeObjectFromArrays.js": {"path":"/home/Victor/study/hexlet/kataTascs/hexletKatas/katas/makeObjectFromArrays.js","statementMap":{"0":{"start":{"line":4,"column":2},"end":{"line":4,"column":15}},"1":{"start":{"line":8,"column":17},"end":{"line":8,"column":44}},"2":{"start":{"line":9,"column":22},"end":{"line":9,"column":35}},"3":{"start":{"line":10,"column":18},"end":{"line":10,"column":33}},"4":{"start":{"line":11,"column":2},"end":{"line":18,"column":3}},"5":{"start":{"line":12,"column":4},"end":{"line":12,"column":38}},"6":{"start":{"line":14,"column":24},"end":{"line":14,"column":60}},"7":{"start":{"line":15,"column":4},"end":{"line":17,"column":5}},"8":{"start":{"line":16,"column":6},"end":{"line":16,"column":19}},"9":{"start":{"line":19,"column":2},"end":{"line":19,"column":26}},"10":{"start":{"line":20,"column":2},"end":{"line":20,"column":14}},"11":{"start":{"line":24,"column":17},"end":{"line":24,"column":44}},"12":{"start":{"line":25,"column":22},"end":{"line":25,"column":35}},"13":{"start":{"line":26,"column":18},"end":{"line":26,"column":33}},"14":{"start":{"line":27,"column":22},"end":{"line":27,"column":58}},"15":{"start":{"line":28,"column":2},"end":{"line":30,"column":3}},"16":{"start":{"line":29,"column":4},"end":{"line":29,"column":18}},"17":{"start":{"line":32,"column":2},"end":{"line":34,"column":3}},"18":{"start":{"line":33,"column":4},"end":{"line":33,"column":18}},"19":{"start":{"line":35,"column":2},"end":{"line":35,"column":27}}},"fnMap":{"0":{"name":"make","decl":{"start":{"line":3,"column":9},"end":{"line":3,"column":13}},"loc":{"start":{"line":3,"column":16},"end":{"line":5,"column":1}},"line":3},"1":{"name":"set","decl":{"start":{"line":7,"column":9},"end":{"line":7,"column":12}},"loc":{"start":{"line":7,"column":32},"end":{"line":21,"column":1}},"line":7},"2":{"name":"get","decl":{"start":{"line":23,"column":9},"end":{"line":23,"column":12}},"loc":{"start":{"line":23,"column":42},"end":{"line":36,"column":1}},"line":23}},"branchMap":{"0":{"loc":{"start":{"line":11,"column":2},"end":{"line":18,"column":3}},"type":"if","locations":[{"start":{"line":11,"column":2},"end":{"line":18,"column":3}},{"start":{"line":11,"column":2},"end":{"line":18,"column":3}}],"line":11},"1":{"loc":{"start":{"line":15,"column":4},"end":{"line":17,"column":5}},"type":"if","locations":[{"start":{"line":15,"column":4},"end":{"line":17,"column":5}},{"start":{"line":15,"column":4},"end":{"line":17,"column":5}}],"line":15},"2":{"loc":{"start":{"line":23,"column":27},"end":{"line":23,"column":40}},"type":"default-arg","locations":[{"start":{"line":23,"column":36},"end":{"line":23,"column":40}}],"line":23},"3":{"loc":{"start":{"line":28,"column":2},"end":{"line":30,"column":3}},"type":"if","locations":[{"start":{"line":28,"column":2},"end":{"line":30,"column":3}},{"start":{"line":28,"column":2},"end":{"line":30,"column":3}}],"line":28},"4":{"loc":{"start":{"line":32,"column":2},"end":{"line":34,"column":3}},"type":"if","locations":[{"start":{"line":32,"column":2},"end":{"line":34,"column":3}},{"start":{"line":32,"column":2},"end":{"line":34,"column":3}}],"line":32}},"s":{"0":1,"1":1,"2":1,"3":1,"4":1,"5":1,"6":0,"7":0,"8":0,"9":1,"10":1,"11":2,"12":2,"13":2,"14":2,"15":2,"16":1,"17":1,"18":0,"19":1},"f":{"0":1,"1":1,"2":2},"b":{"0":[1,0],"1":[0,0],"2":[2],"3":[1,1],"4":[0,1]},"_coverageSchema":"1a1c01bbd47fc00a2c39e90264f33305004495a9","hash":"16db9ce3293f157bb119bb4481a02d1d67557624"}
,"/home/Victor/study/hexlet/kataTascs/hexletKatas/katas/nrzsi.js": {"path":"/home/Victor/study/hexlet/kataTascs/hexletKatas/katas/nrzsi.js","statementMap":{"0":{"start":{"line":2,"column":18},"end":{"line":12,"column":8}},"1":{"start":{"line":3,"column":4},"end":{"line":7,"column":5}},"2":{"start":{"line":6,"column":6},"end":{"line":6,"column":27}},"3":{"start":{"line":8,"column":4},"end":{"line":10,"column":5}},"4":{"start":{"line":9,"column":6},"end":{"line":9,"column":27}},"5":{"start":{"line":11,"column":4},"end":{"line":11,"column":19}},"6":{"start":{"line":13,"column":2},"end":{"line":13,"column":19}}},"fnMap":{"0":{"name":"nrzsi","decl":{"start":{"line":1,"column":9},"end":{"line":1,"column":14}},"loc":{"start":{"line":1,"column":25},"end":{"line":14,"column":1}},"line":1},"1":{"name":"(anonymous_1)","decl":{"start":{"line":2,"column":44},"end":{"line":2,"column":45}},"loc":{"start":{"line":2,"column":70},"end":{"line":12,"column":3}},"line":2}},"branchMap":{"0":{"loc":{"start":{"line":3,"column":4},"end":{"line":7,"column":5}},"type":"if","locations":[{"start":{"line":3,"column":4},"end":{"line":7,"column":5}},{"start":{"line":3,"column":4},"end":{"line":7,"column":5}}],"line":3},"1":{"loc":{"start":{"line":3,"column":8},"end":{"line":5,"column":24}},"type":"binary-expr","locations":[{"start":{"line":3,"column":9},"end":{"line":3,"column":21}},{"start":{"line":3,"column":25},"end":{"line":3,"column":52}},{"start":{"line":4,"column":9},"end":{"line":4,"column":21}},{"start":{"line":4,"column":25},"end":{"line":4,"column":52}},{"start":{"line":5,"column":12},"end":{"line":5,"column":24}}],"line":3},"2":{"loc":{"start":{"line":8,"column":4},"end":{"line":10,"column":5}},"type":"if","locations":[{"start":{"line":8,"column":4},"end":{"line":10,"column":5}},{"start":{"line":8,"column":4},"end":{"line":10,"column":5}}],"line":8},"3":{"loc":{"start":{"line":8,"column":8},"end":{"line":8,"column":53}},"type":"binary-expr","locations":[{"start":{"line":8,"column":9},"end":{"line":8,"column":36}},{"start":{"line":8,"column":41},"end":{"line":8,"column":53}}],"line":8}},"s":{"0":1,"1":21,"2":9,"3":12,"4":6,"5":6,"6":1},"f":{"0":1,"1":21},"b":{"0":[9,12],"1":[21,7,17,8,5],"2":[6,6],"3":[12,6]},"_coverageSchema":"1a1c01bbd47fc00a2c39e90264f33305004495a9","hash":"50ffe711918e024d90d4a5edd44d2f9a1b20ce58"}
,"/home/Victor/study/hexlet/kataTascs/hexletKatas/katas/sameParityFilter.js": {"path":"/home/Victor/study/hexlet/kataTascs/hexletKatas/katas/sameParityFilter.js","statementMap":{"0":{"start":{"line":1,"column":15},"end":{"line":1,"column":37}},"1":{"start":{"line":1,"column":24},"end":{"line":1,"column":37}},"2":{"start":{"line":4,"column":26},"end":{"line":4,"column":40}},"3":{"start":{"line":5,"column":2},"end":{"line":5,"column":62}},"4":{"start":{"line":5,"column":29},"end":{"line":5,"column":60}}},"fnMap":{"0":{"name":"(anonymous_0)","decl":{"start":{"line":1,"column":15},"end":{"line":1,"column":16}},"loc":{"start":{"line":1,"column":24},"end":{"line":1,"column":37}},"line":1},"1":{"name":"sameParity","decl":{"start":{"line":3,"column":9},"end":{"line":3,"column":19}},"loc":{"start":{"line":3,"column":25},"end":{"line":6,"column":1}},"line":3},"2":{"name":"(anonymous_2)","decl":{"start":{"line":5,"column":20},"end":{"line":5,"column":21}},"loc":{"start":{"line":5,"column":29},"end":{"line":5,"column":60}},"line":5}},"branchMap":{},"s":{"0":1,"1":7,"2":1,"3":1,"4":6},"f":{"0":7,"1":1,"2":6},"b":{},"_coverageSchema":"1a1c01bbd47fc00a2c39e90264f33305004495a9","hash":"6b3584e72157e26089b86a88fd6a4adea1b61e65"}
}
