TN:
SF:katas/SortArr.js
FN:3,(anonymous_0)
FN:4,(anonymous_1)
FNF:2
FNH:2
FNDA:1,(anonymous_0)
FNDA:6,(anonymous_1)
DA:3,1
DA:4,6
DA:5,1
DA:9,1
LF:4
LH:4
BRDA:3,0,0,0
BRF:1
BRH:0
end_of_record
TN:
SF:katas/colorsConverter.js
FN:3,parseTo16
FN:11,hexToRgb
FN:13,(anonymous_2)
FN:21,rgbToHex
FNF:4
FNH:4
FNDA:3,parseTo16
FNDA:1,hexToRgb
FNDA:3,(anonymous_2)
FNDA:1,rgbToHex
DA:4,3
DA:5,3
DA:6,3
DA:8,3
DA:12,1
DA:13,3
DA:14,1
DA:19,1
DA:22,1
LF:9
LH:9
BRDA:5,0,0,3
BRDA:5,0,1,0
BRF:2
BRH:1
end_of_record
TN:
SF:katas/dnaToRna.js
FN:2,dnaToRna
FNF:1
FNH:1
FNDA:3,dnaToRna
DA:3,3
DA:4,1
DA:6,2
DA:7,2
DA:8,2
DA:9,2
DA:10,2
DA:11,6
DA:12,1
DA:14,5
DA:15,5
DA:16,5
DA:18,1
LF:13
LH:13
BRDA:3,0,0,1
BRDA:3,0,1,2
BRDA:11,1,0,1
BRDA:11,1,1,5
BRF:4
BRH:4
end_of_record
TN:
SF:katas/enLargeArrayImage.js
FN:10,enlargeArrayImage
FN:11,(anonymous_1)
FN:12,(anonymous_2)
FN:21,(anonymous_3)
FNF:4
FNH:4
FNDA:1,enlargeArrayImage
FNDA:4,(anonymous_1)
FNDA:16,(anonymous_2)
FNDA:8,(anonymous_3)
DA:2,1
DA:11,1
DA:12,4
DA:13,16
DA:14,16
DA:15,16
DA:17,4
DA:18,4
DA:19,4
DA:22,8
LF:10
LH:10
BRF:0
BRH:0
end_of_record
TN:
SF:katas/filterAnagrams.js
FN:1,filterAnagrams
FN:2,(anonymous_1)
FN:4,(anonymous_2)
FNF:3
FNH:3
FNDA:1,filterAnagrams
FNDA:6,(anonymous_1)
FNDA:5,(anonymous_2)
DA:2,6
DA:3,1
DA:4,5
LF:3
LH:3
BRF:0
BRH:0
end_of_record
TN:
SF:katas/findIndexOfNearest.js
FN:1,findIndexOfNearest
FN:5,(anonymous_1)
FN:6,(anonymous_2)
FNF:3
FNH:3
FNDA:3,findIndexOfNearest
FNDA:9,(anonymous_1)
FNDA:9,(anonymous_2)
DA:2,3
DA:3,1
DA:5,9
DA:6,2
DA:7,9
DA:8,3
DA:10,6
LF:7
LH:7
BRDA:2,0,0,1
BRDA:2,0,1,2
BRDA:7,1,0,3
BRDA:7,1,1,6
BRF:4
BRH:4
end_of_record
TN:
SF:katas/getChildren.js
FN:24,getChildren
FN:25,(anonymous_1)
FNF:2
FNH:2
FNDA:1,getChildren
FNDA:4,(anonymous_1)
DA:1,1
DA:25,4
DA:26,1
LF:3
LH:3
BRF:0
BRH:0
end_of_record
TN:
SF:katas/getEmailsCount.js
FN:61,getEmailsCount
FN:62,(anonymous_1)
FN:66,(anonymous_2)
FN:67,(anonymous_3)
FNF:4
FNH:4
FNDA:1,getEmailsCount
FNDA:9,(anonymous_1)
FNDA:9,(anonymous_2)
FNDA:7,(anonymous_3)
DA:4,1
DA:10,1
DA:62,1
DA:63,9
DA:64,9
DA:66,9
DA:68,7
DA:69,7
LF:8
LH:8
BRF:0
BRH:0
end_of_record
TN:
SF:katas/getMenCountByYear.js
FN:1,getMenCountByYear
FNF:1
FNH:1
FNDA:1,getMenCountByYear
DA:2,1
DA:3,1
DA:4,10
DA:5,8
DA:6,8
DA:8,5
DA:10,3
DA:14,1
DA:17,1
LF:9
LH:9
BRDA:4,0,0,8
BRDA:4,0,1,2
BRDA:6,1,0,5
BRDA:6,1,1,3
BRF:4
BRH:4
end_of_record
TN:
SF:katas/makeObjectFromArrays.js
FN:3,make
FN:7,set
FN:23,get
FNF:3
FNH:3
FNDA:1,make
FNDA:1,set
FNDA:2,get
DA:4,1
DA:8,1
DA:9,1
DA:10,1
DA:11,1
DA:12,1
DA:14,0
DA:15,0
DA:16,0
DA:19,1
DA:20,1
DA:24,2
DA:25,2
DA:26,2
DA:27,2
DA:28,2
DA:29,1
DA:32,1
DA:33,0
DA:35,1
LF:20
LH:16
BRDA:11,0,0,1
BRDA:11,0,1,0
BRDA:15,1,0,0
BRDA:15,1,1,0
BRDA:23,2,0,2
BRDA:28,3,0,1
BRDA:28,3,1,1
BRDA:32,4,0,0
BRDA:32,4,1,1
BRF:9
BRH:5
end_of_record
TN:
SF:katas/nrzsi.js
FN:1,nrzsi
FN:2,(anonymous_1)
FNF:2
FNH:2
FNDA:1,nrzsi
FNDA:21,(anonymous_1)
DA:2,1
DA:3,21
DA:6,9
DA:8,12
DA:9,6
DA:11,6
DA:13,1
LF:7
LH:7
BRDA:3,0,0,9
BRDA:3,0,1,12
BRDA:3,1,0,21
BRDA:3,1,1,7
BRDA:3,1,2,17
BRDA:3,1,3,8
BRDA:3,1,4,5
BRDA:8,2,0,6
BRDA:8,2,1,6
BRDA:8,3,0,12
BRDA:8,3,1,6
BRF:11
BRH:11
end_of_record
TN:
SF:katas/sameParityFilter.js
FN:1,(anonymous_0)
FN:3,sameParity
FN:5,(anonymous_2)
FNF:3
FNH:3
FNDA:7,(anonymous_0)
FNDA:1,sameParity
FNDA:6,(anonymous_2)
DA:1,7
DA:4,1
DA:5,6
LF:3
LH:3
BRF:0
BRH:0
end_of_record
